<?xml version="1.0" encoding="UTF-8"?>
<!-- Generated by org.testng.reporters.JUnitReportReporter -->
<testsuite hostname="IQAL96-Mayank" failures="0" tests="1" name="appiumTest.appiumMisclleanious" time="16.059" errors="0" timestamp="2023-08-25T13:45:11 IST" skipped="0">
  <testcase classname="appiumTest.appiumMisclleanious" name="deviceRotation" time="16.059"/>
  <system-out/>
</testsuite> <!-- appiumTest.appiumMisclleanious -->
