<?xml version="1.0" encoding="UTF-8"?>
<!-- Generated by org.testng.reporters.JUnitReportReporter -->
<testsuite hostname="IQAL96-Mayank" failures="0" tests="1" name="appiumPractice.appiumBasic" time="15.495" errors="0" timestamp="2023-08-17T13:22:04 IST" skipped="0">
  <testcase classname="appiumPractice.appiumBasic" name="runBrowser" time="15.495"/>
  <system-out/>
</testsuite> <!-- appiumPractice.appiumBasic -->
